----------------
[*] Starting: 2020/10/25_21:33
[*] entering loop
[+] whitelist - success - 784239219
    [*] got command - /pdb	calling pdb	Sun Oct 25 21:33:50 2020
----------------
[*] Starting: 2020/10/25_21:40
[!] Caught general error in main - quitting
----------------
[*] Starting: 2020/10/25_21:41
[*] entering loop
[+] whitelist - success - 784239219
    [*] got command - /menu	calling menu	Sun Oct 25 21:41:17 2020
[+] whitelist - success - 784239219
    [*] got command - /menu	calling menu	Sun Oct 25 21:41:53 2020
----------------
[*] Starting: 2020/10/25_21:52
[*] entering loop
[+] whitelist - success - 784239219
    [*] got command - /productive_pie	calling productive_pie	Sun Oct 25 21:52:12 2020
----------------
[*] Starting: 2020/10/25_21:54
[*] entering loop
[+] whitelist - success - 784239219
    [*] got command - /productive_pie	calling productive_pie	Sun Oct 25 21:54:08 2020
----------------
[*] Starting: 2020/10/25_21:54
[*] entering loop
----------------
[*] Starting: 2020/10/25_21:55
[*] entering loop
----------------
[*] Starting: 2020/10/25_22:01
[*] entering loop
[+] whitelist - success - 784239219
----------------
[*] Starting: 2020/10/25_22:03
[*] entering loop
[+] whitelist - success - 784239219
    [*] got command - Select date:	calling productive_pie	Sun Oct 25 22:03:10 2020
----------------
[*] Starting: 2020/10/25_22:04
[*] entering loop
[+] whitelist - success - 784239219
    [*] got command - Select date:	calling productive_pie	Sun Oct 25 22:04:33 2020
----------------
[*] Starting: 2020/10/25_22:07
[*] entering loop
[+] whitelist - success - 784239219
    [*] got command - Select date:	calling productive_pie_today	Sun Oct 25 22:07:23 2020
[+] whitelist - success - 784239219
    [*] got command - Select date:	calling productive_pie_today	Sun Oct 25 22:07:52 2020
[+] whitelist - success - 784239219
    [*] got command - /productive_pie 1	calling productive_pie	Sun Oct 25 22:08:25 2020
[+] whitelist - success - 784239219
    [*] got command - Select date:	calling productive_pie_today	Sun Oct 25 22:08:42 2020
----------------
[*] Starting: 2020/10/25_22:22
[!] Caught general error in main - quitting
----------------
[*] Starting: 2020/10/25_22:22
[*] entering loop
[+] whitelist - success - 784239219
    [*] got command - /productive_pie	calling productive_pie	Sun Oct 25 22:22:39 2020
[+] whitelist - success - 784239219
    [*] got command - /productive_pie 1	calling productive_pie	Sun Oct 25 22:22:58 2020
----------------
[*] Starting: 2020/10/25_22:28
[*] entering loop
[+] whitelist - success - 784239219
    [*] got command - /productive_pie	calling productive_pie	Sun Oct 25 22:28:58 2020
[+] whitelist - success - 784239219
    [*] got command - Select date:	calling ductive_pie_1	Sun Oct 25 22:28:59 2020
[+] whitelist - success - 784239219
    [*] got command - Select date:	calling ductive_pie_1	Sun Oct 25 22:29:02 2020
[+] whitelist - success - 784239219
    [*] got command - Select date:	calling ductive_pie_1	Sun Oct 25 22:29:08 2020
----------------
[*] Starting: 2020/10/25_22:29
[*] entering loop
[+] whitelist - success - 784239219
    [*] got command - Select date:	calling ductive_pie_1	Sun Oct 25 22:29:48 2020
----------------
[*] Starting: 2020/10/25_22:30
[*] entering loop
[+] whitelist - success - 784239219
    [*] got command - Select date:	calling ductive_pie_1	Sun Oct 25 22:30:51 2020
[+] whitelist - success - 784239219
    [*] got command - /productive_pie	calling productive_pie	Sun Oct 25 22:30:56 2020
[+] whitelist - success - 784239219
    [*] got command - Select date:	calling ductive_pie_1	Sun Oct 25 22:30:59 2020
----------------
[*] Starting: 2020/10/25_22:48
[*] entering loop
[+] whitelist - success - 784239219
    [*] got command - /productive_pie	calling productive_pie	Sun Oct 25 22:48:24 2020
[+] whitelist - success - 784239219
    [*] got command - Select date:	calling ductive_pie	Sun Oct 25 22:48:26 2020
[+] whitelist - success - 784239219
    [*] got command - Select date:	calling ductive_pie	Sun Oct 25 22:48:29 2020
[+] whitelist - success - 784239219
    [*] got command - Select date:	calling ductive_pie	Sun Oct 25 22:48:33 2020
[+] whitelist - success - 784239219
    [*] got command - Select date:	calling ductive_pie	Sun Oct 25 22:48:48 2020
[+] whitelist - success - 784239219
    [*] got command - Select date:	calling ductive_pie	Sun Oct 25 22:48:56 2020
[+] whitelist - success - 784239219
    [*] got command - /productive_pie_month 8	calling productive_pie_month	Sun Oct 25 22:49:03 2020
[+] whitelist - success - 784239219
    [*] got command - Select date:	calling ductive_pie	Sun Oct 25 22:51:20 2020
[+] whitelist - success - 784239219
    [*] got command - Select date:	calling ductive_pie	Sun Oct 25 22:51:21 2020
----------------
[*] Starting: 2020/10/25_22:51
[*] entering loop
[+] whitelist - success - 784239219
----------------
[*] Starting: 2020/10/25_22:52
[*] entering loop
[+] whitelist - success - 784239219
    [*] got command - menu_productive_pie all 0	calling ductive_pie	Sun Oct 25 22:52:03 2020
[+] whitelist - success - 784239219
    [*] got command - menu_productive_pie year 0	calling ductive_pie	Sun Oct 25 22:52:16 2020
[+] whitelist - success - 784239219
    [*] got command - menu_productive_pie all 0	calling ductive_pie	Sun Oct 25 22:52:16 2020
[+] whitelist - success - 784239219
    [*] got command - /text_report	calling text_report	Sun Oct 25 22:52:43 2020
[+] whitelist - success - 784239219
    [*] got command - menu_text_report today	calling t_report	Sun Oct 25 22:52:47 2020
[+] whitelist - success - 784239219
    [*] got command - menu_text_report yesterday	calling t_report	Sun Oct 25 22:52:53 2020
[+] whitelist - success - 784239219
    [*] got command - menu_text_report week	calling t_report	Sun Oct 25 22:52:58 2020
[+] whitelist - success - 784239219
    [*] got command - /pie	calling pie	Sun Oct 25 22:53:16 2020
----------------
[*] Starting: 2020/10/25_22:53
[*] entering loop
[+] whitelist - success - 784239219
    [*] got command - /pie	calling pie	Sun Oct 25 22:53:38 2020
----------------
[*] Starting: 2020/10/25_22:54
[*] entering loop
[+] whitelist - success - 784239219
    [*] got command - /pie	calling pie	Sun Oct 25 22:54:45 2020
[+] whitelist - success - 784239219
    [*] got command - menu_pie homework	calling 	Sun Oct 25 22:54:47 2020
[+] whitelist - success - 784239219
    [*] got command - menu_pie lecture	calling 	Sun Oct 25 22:54:54 2020
[+] whitelist - success - 784239219
    [*] got command - menu_pie gaming	calling 	Sun Oct 25 22:54:56 2020
[+] whitelist - success - 784239219
    [*] got command - menu_pie youtube	calling 	Sun Oct 25 22:55:02 2020
